method = sample (Default)
  sample
    num_samples = 1000 (Default)
    num_warmup = 1000 (Default)
    save_warmup = 0 (Default)
    thin = 1 (Default)
    adapt
      engaged = 1 (Default)
      gamma = 0.050000000000000003 (Default)
      delta = 0.80000000000000004 (Default)
      kappa = 0.75 (Default)
      t0 = 10 (Default)
      init_buffer = 75 (Default)
      term_buffer = 50 (Default)
      window = 25 (Default)
    algorithm = hmc (Default)
      hmc
        engine = nuts (Default)
          nuts
            max_depth = 10 (Default)
        metric = diag_e (Default)
        metric_file =  (Default)
        stepsize = 1 (Default)
        stepsize_jitter = 1
    num_chains = 1 (Default)
id = 1 (Default)
data
  file = /Users/ddifrancesco/Github/DCE_guidance/tmp/strength_model_1.data.R
init = 2 (Default)
random
  seed = 1286197944 (Default)
output
  file = /Users/ddifrancesco/Github/DCE_guidance/tmp/strength_model_samples_1.csv
  diagnostic_file = /Users/ddifrancesco/Github/DCE_guidance/tmp/strength_model_diagnostics_1.csv
  refresh = 100 (Default)
  sig_figs = -1 (Default)
  profile_file = profile.csv (Default)
num_threads = 1 (Default)

Rejecting initial value:
  Error evaluating the log probability at the initial value.
Exception: lognormal_lpdf: Random variable is -1.7545, but must be nonnegative! (in '/Users/ddifrancesco/Github/DCE_guidance/tmp/strength_model.stan', line 34, column 2 to column 71)

Gradient evaluation took 1.1e-05 seconds
1000 transitions using 10 leapfrog steps per transition would take 0.11 seconds.
Adjust your expectations accordingly!


Iteration:    1 / 2000 [  0%]  (Warmup)
Iteration:  100 / 2000 [  5%]  (Warmup)
Iteration:  200 / 2000 [ 10%]  (Warmup)
Iteration:  300 / 2000 [ 15%]  (Warmup)
Iteration:  400 / 2000 [ 20%]  (Warmup)
Iteration:  500 / 2000 [ 25%]  (Warmup)
Iteration:  600 / 2000 [ 30%]  (Warmup)
Iteration:  700 / 2000 [ 35%]  (Warmup)
Iteration:  800 / 2000 [ 40%]  (Warmup)
Iteration:  900 / 2000 [ 45%]  (Warmup)
Iteration: 1000 / 2000 [ 50%]  (Warmup)
Iteration: 1001 / 2000 [ 50%]  (Sampling)
Iteration: 1100 / 2000 [ 55%]  (Sampling)
method = sample (Default)
  sample
    num_samples = 1000 (Default)
    num_warmup = 1000 (Default)
    save_warmup = 0 (Default)
    thin = 1 (Default)
    adapt
      engaged = 1 (Default)
      gamma = 0.050000000000000003 (Default)
      delta = 0.80000000000000004 (Default)
      kappa = 0.75 (Default)
      t0 = 10 (Default)
      init_buffer = 75 (Default)
      term_buffer = 50 (Default)
      window = 25 (Default)
    algorithm = hmc (Default)
      hmc
        engine = nuts (Default)
          nuts
            max_depth = 10 (Default)
        metric = diag_e (Default)
        metric_file =  (Default)
        stepsize = 1 (Default)
        stepsize_jitter = 1
    num_chains = 1 (Default)
id = 2
data
  file = /Users/ddifrancesco/Github/DCE_guidance/tmp/strength_model_2.data.R
init = 2 (Default)
random
  seed = 1286197972 (Default)
output
  file = /Users/ddifrancesco/Github/DCE_guidance/tmp/strength_model_samples_2.csv
  diagnostic_file = /Users/ddifrancesco/Github/DCE_guidance/tmp/strength_model_diagnostics_2.csv
  refresh = 100 (Default)
  sig_figs = -1 (Default)
  profile_file = profile.csv (Default)
num_threads = 1 (Default)

Iteration: 1200 / 2000 [ 60%]  (Sampling)
Rejecting initial value:
  Error evaluating the log probability at the initial value.
Exception: lognormal_lpdf: Random variable is -0.310948, but must be nonnegative! (in '/Users/ddifrancesco/Github/DCE_guidance/tmp/strength_model.stan', line 34, column 2 to column 71)
Iteration: 1300 / 2000 [ 65%]  (Sampling)
Rejecting initial value:
  Error evaluating the log probability at the initial value.
Exception: lognormal_lpdf: Random variable is -0.204016, but must be nonnegative! (in '/Users/ddifrancesco/Github/DCE_guidance/tmp/strength_model.stan', line 34, column 2 to column 71)

Gradient evaluation took 1.2e-05 seconds
1000 transitions using 10 leapfrog steps per transition would take 0.12 seconds.
Adjust your expectations accordingly!


Iteration:    1 / 2000 [  0%]  (Warmup)
Iteration:  100 / 2000 [  5%]  (Warmup)
Iteration: 1400 / 2000 [ 70%]  (Sampling)
Iteration:  200 / 2000 [ 10%]  (Warmup)
Iteration:  300 / 2000 [ 15%]  (Warmup)
Iteration: 1500 / 2000 [ 75%]  (Sampling)
Iteration:  400 / 2000 [ 20%]  (Warmup)
Iteration:  500 / 2000 [ 25%]  (Warmup)
Iteration:  600 / 2000 [ 30%]  (Warmup)
Iteration: 1600 / 2000 [ 80%]  (Sampling)
Iteration:  700 / 2000 [ 35%]  (Warmup)
Iteration:  800 / 2000 [ 40%]  (Warmup)
Iteration:  900 / 2000 [ 45%]  (Warmup)
Iteration: 1700 / 2000 [ 85%]  (Sampling)
Iteration: 1000 / 2000 [ 50%]  (Warmup)
Iteration: 1001 / 2000 [ 50%]  (Sampling)
Iteration: 1800 / 2000 [ 90%]  (Sampling)
Iteration: 1100 / 2000 [ 55%]  (Sampling)
method = sample (Default)
  sample
    num_samples = 1000 (Default)
    num_warmup = 1000 (Default)
    save_warmup = 0 (Default)
    thin = 1 (Default)
    adapt
      engaged = 1 (Default)
      gamma = 0.050000000000000003 (Default)
      delta = 0.80000000000000004 (Default)
      kappa = 0.75 (Default)
      t0 = 10 (Default)
      init_buffer = 75 (Default)
      term_buffer = 50 (Default)
      window = 25 (Default)
    algorithm = hmc (Default)
      hmc
        engine = nuts (Default)
          nuts
            max_depth = 10 (Default)
        metric = diag_e (Default)
        metric_file =  (Default)
        stepsize = 1 (Default)
        stepsize_jitter = 1
    num_chains = 1 (Default)
id = 3
data
  file = /Users/ddifrancesco/Github/DCE_guidance/tmp/strength_model_3.data.R
init = 2 (Default)
random
  seed = 1286198000 (Default)
output
  file = /Users/ddifrancesco/Github/DCE_guidance/tmp/strength_model_samples_3.csv
  diagnostic_file = /Users/ddifrancesco/Github/DCE_guidance/tmp/strength_model_diagnostics_3.csv
  refresh = 100 (Default)
  sig_figs = -1 (Default)
  profile_file = profile.csv (Default)
num_threads = 1 (Default)

Iteration: 1200 / 2000 [ 60%]  (Sampling)
Iteration: 1900 / 2000 [ 95%]  (Sampling)

Gradient evaluation took 1.2e-05 seconds
1000 transitions using 10 leapfrog steps per transition would take 0.12 seconds.
Adjust your expectations accordingly!


Iteration:    1 / 2000 [  0%]  (Warmup)
Iteration:  100 / 2000 [  5%]  (Warmup)
Iteration: 1300 / 2000 [ 65%]  (Sampling)
Iteration: 2000 / 2000 [100%]  (Sampling)

 Elapsed Time: 0.016 seconds (Warm-up)
               0.042 seconds (Sampling)
               0.058 seconds (Total)

Iteration:  200 / 2000 [ 10%]  (Warmup)
Iteration:  300 / 2000 [ 15%]  (Warmup)
Iteration: 1400 / 2000 [ 70%]  (Sampling)
Iteration:  400 / 2000 [ 20%]  (Warmup)
Iteration:  500 / 2000 [ 25%]  (Warmup)
Iteration: 1500 / 2000 [ 75%]  (Sampling)
Iteration:  600 / 2000 [ 30%]  (Warmup)
Iteration:  700 / 2000 [ 35%]  (Warmup)
Iteration:  800 / 2000 [ 40%]  (Warmup)
Iteration: 1600 / 2000 [ 80%]  (Sampling)
Iteration:  900 / 2000 [ 45%]  (Warmup)
Iteration: 1000 / 2000 [ 50%]  (Warmup)
Iteration: 1001 / 2000 [ 50%]  (Sampling)
Iteration: 1700 / 2000 [ 85%]  (Sampling)
Iteration: 1100 / 2000 [ 55%]  (Sampling)
Iteration: 1800 / 2000 [ 90%]  (Sampling)
method = sample (Default)
  sample
    num_samples = 1000 (Default)
    num_warmup = 1000 (Default)
    save_warmup = 0 (Default)
    thin = 1 (Default)
    adapt
      engaged = 1 (Default)
      gamma = 0.050000000000000003 (Default)
      delta = 0.80000000000000004 (Default)
      kappa = 0.75 (Default)
      t0 = 10 (Default)
      init_buffer = 75 (Default)
      term_buffer = 50 (Default)
      window = 25 (Default)
    algorithm = hmc (Default)
      hmc
        engine = nuts (Default)
          nuts
            max_depth = 10 (Default)
        metric = diag_e (Default)
        metric_file =  (Default)
        stepsize = 1 (Default)
        stepsize_jitter = 1
    num_chains = 1 (Default)
id = 4
data
  file = /Users/ddifrancesco/Github/DCE_guidance/tmp/strength_model_4.data.R
init = 2 (Default)
random
  seed = 1286198031 (Default)
output
  file = /Users/ddifrancesco/Github/DCE_guidance/tmp/strength_model_samples_4.csv
  diagnostic_file = /Users/ddifrancesco/Github/DCE_guidance/tmp/strength_model_diagnostics_4.csv
  refresh = 100 (Default)
  sig_figs = -1 (Default)
  profile_file = profile.csv (Default)
num_threads = 1 (Default)

Iteration: 1200 / 2000 [ 60%]  (Sampling)
Iteration: 1900 / 2000 [ 95%]  (Sampling)
Iteration: 1300 / 2000 [ 65%]  (Sampling)
Iteration: 2000 / 2000 [100%]  (Sampling)

 Elapsed Time: 0.017 seconds (Warm-up)
               0.041 seconds (Sampling)
Rejecting initial value:
  Error evaluating the log probability at the initial value.
Exception: lognormal_lpdf: Random variable is -1.83402, but must be nonnegative! (in '/Users/ddifrancesco/Github/DCE_guidance/tmp/strength_model.stan', line 34, column 2 to column 71)
               0.058 seconds (Total)

Rejecting initial value:
  Error evaluating the log probability at the initial value.
Exception: lognormal_lpdf: Random variable is -1.22981, but must be nonnegative! (in '/Users/ddifrancesco/Github/DCE_guidance/tmp/strength_model.stan', line 34, column 2 to column 71)

Gradient evaluation took 1.2e-05 seconds
1000 transitions using 10 leapfrog steps per transition would take 0.12 seconds.
Adjust your expectations accordingly!


Iteration:    1 / 2000 [  0%]  (Warmup)
Iteration:  100 / 2000 [  5%]  (Warmup)
Iteration: 1400 / 2000 [ 70%]  (Sampling)
Iteration:  200 / 2000 [ 10%]  (Warmup)
Iteration:  300 / 2000 [ 15%]  (Warmup)
Iteration:  400 / 2000 [ 20%]  (Warmup)
Iteration: 1500 / 2000 [ 75%]  (Sampling)
Iteration:  500 / 2000 [ 25%]  (Warmup)
Iteration:  600 / 2000 [ 30%]  (Warmup)
Iteration:  700 / 2000 [ 35%]  (Warmup)
Iteration: 1600 / 2000 [ 80%]  (Sampling)
Iteration:  800 / 2000 [ 40%]  (Warmup)
Iteration:  900 / 2000 [ 45%]  (Warmup)
Iteration: 1000 / 2000 [ 50%]  (Warmup)
Iteration: 1001 / 2000 [ 50%]  (Sampling)
Iteration: 1700 / 2000 [ 85%]  (Sampling)
Iteration: 1100 / 2000 [ 55%]  (Sampling)
Iteration: 1800 / 2000 [ 90%]  (Sampling)
Iteration: 1200 / 2000 [ 60%]  (Sampling)
Iteration: 1900 / 2000 [ 95%]  (Sampling)
Iteration: 1300 / 2000 [ 65%]  (Sampling)
Iteration: 2000 / 2000 [100%]  (Sampling)

 Elapsed Time: 0.016 seconds (Warm-up)
               0.044 seconds (Sampling)
               0.06 seconds (Total)

Iteration: 1400 / 2000 [ 70%]  (Sampling)
Iteration: 1500 / 2000 [ 75%]  (Sampling)
Iteration: 1600 / 2000 [ 80%]  (Sampling)
Iteration: 1700 / 2000 [ 85%]  (Sampling)
Iteration: 1800 / 2000 [ 90%]  (Sampling)
Iteration: 1900 / 2000 [ 95%]  (Sampling)
Iteration: 2000 / 2000 [100%]  (Sampling)

 Elapsed Time: 0.015 seconds (Warm-up)
               0.04 seconds (Sampling)
               0.055 seconds (Total)

